Building DAG of jobs...
Using shell: /bin/bash
Provided cores: 1 (use --cores to define parallelism)
Rules claiming more threads will be scaled down.
Job stats:
job              count    min threads    max threads
-------------  -------  -------------  -------------
all                  1              1              1
fastqc_a_file        4              1              1
run_multiqc          1              1              1
total                6              1              1

Select jobs to execute...

[Thu Nov  4 21:23:41 2021]
rule fastqc_a_file:
    input: data/6Hour_001_1.fq.gz
    output: data/6Hour_001_1_fastqc.html, data/6Hour_001_1_fastqc.zip
    jobid: 2
    wildcards: filename=data/6Hour_001_1
    resources: tmpdir=/tmp

[Thu Nov  4 21:23:46 2021]
Finished job 2.
1 of 6 steps (17%) done
Select jobs to execute...

[Thu Nov  4 21:23:46 2021]
rule fastqc_a_file:
    input: data/0Hour_001_1.fq.gz
    output: data/0Hour_001_1_fastqc.html, data/0Hour_001_1_fastqc.zip
    jobid: 1
    wildcards: filename=data/0Hour_001_1
    resources: tmpdir=/tmp

[Thu Nov  4 21:23:53 2021]
Finished job 1.
2 of 6 steps (33%) done
Select jobs to execute...

[Thu Nov  4 21:23:53 2021]
rule fastqc_a_file:
    input: data/6Hour_001_2.fq.gz
    output: data/6Hour_001_2_fastqc.html, data/6Hour_001_2_fastqc.zip
    jobid: 4
    wildcards: filename=data/6Hour_001_2
    resources: tmpdir=/tmp

[Thu Nov  4 21:23:58 2021]
Finished job 4.
3 of 6 steps (50%) done
Select jobs to execute...

[Thu Nov  4 21:23:58 2021]
rule fastqc_a_file:
    input: data/0Hour_001_2.fq.gz
    output: data/0Hour_001_2_fastqc.html, data/0Hour_001_2_fastqc.zip
    jobid: 3
    wildcards: filename=data/0Hour_001_2
    resources: tmpdir=/tmp

[Thu Nov  4 21:24:04 2021]
Finished job 3.
4 of 6 steps (67%) done
Select jobs to execute...

[Thu Nov  4 21:24:04 2021]
rule run_multiqc:
    input: data/0Hour_001_1_fastqc.html, data/6Hour_001_1_fastqc.html, data/0Hour_001_2_fastqc.html, data/6Hour_001_2_fastqc.html
    output: multiqc_report.html, multiqc_data
    jobid: 5
    resources: tmpdir=/tmp

[Thu Nov  4 21:24:07 2021]
Finished job 5.
5 of 6 steps (83%) done
Select jobs to execute...

[Thu Nov  4 21:24:07 2021]
localrule all:
    input: data/0Hour_001_1_fastqc.html, data/6Hour_001_1_fastqc.html, data/0Hour_001_2_fastqc.html, data/6Hour_001_2_fastqc.html, multiqc_report.html
    jobid: 0
    resources: tmpdir=/tmp

[Thu Nov  4 21:24:07 2021]
Finished job 0.
6 of 6 steps (100%) done
Complete log: /home/apirani/Session8_snakemake/.snakemake/log/2021-11-04T212340.382489.snakemake.log
