Building DAG of jobs...
Using shell: /bin/bash
Provided cores: 1 (use --cores to define parallelism)
Rules claiming more threads will be scaled down.
Job stats:
job              count    min threads    max threads
-------------  -------  -------------  -------------
all                  1              1              1
fastqc_a_file        3              1              1
total                4              1              1

Select jobs to execute...

[Thu Nov  4 20:56:57 2021]
rule fastqc_a_file:
    input: data/6Hour_001_1.fq.gz
    output: data/6Hour_001_1_fastqc.html, data/6Hour_001_1_fastqc.zip
    jobid: 2
    wildcards: whatever=data/6Hour_001_1
    resources: tmpdir=/tmp

[Thu Nov  4 20:57:03 2021]
Finished job 2.
1 of 4 steps (25%) done
Select jobs to execute...

[Thu Nov  4 20:57:03 2021]
rule fastqc_a_file:
    input: data/6Hour_002_1.fq.gz
    output: data/6Hour_002_1_fastqc.html, data/6Hour_002_1_fastqc.zip
    jobid: 3
    wildcards: whatever=data/6Hour_002_1
    resources: tmpdir=/tmp

[Thu Nov  4 20:57:08 2021]
Finished job 3.
2 of 4 steps (50%) done
Select jobs to execute...

[Thu Nov  4 20:57:08 2021]
rule fastqc_a_file:
    input: data/0Hour_001_1.fq.gz
    output: data/0Hour_001_1_fastqc.html, data/0Hour_001_1_fastqc.zip
    jobid: 1
    wildcards: whatever=data/0Hour_001_1
    resources: tmpdir=/tmp

[Thu Nov  4 20:57:14 2021]
Finished job 1.
3 of 4 steps (75%) done
Select jobs to execute...

[Thu Nov  4 20:57:14 2021]
localrule all:
    input: data/0Hour_001_1_fastqc.html, data/6Hour_001_1_fastqc.html, data/6Hour_002_1_fastqc.html
    jobid: 0
    resources: tmpdir=/tmp

[Thu Nov  4 20:57:14 2021]
Finished job 0.
4 of 4 steps (100%) done
Complete log: /home/apirani/Session8_snakemake/.snakemake/log/2021-11-04T205656.978680.snakemake.log
