Building DAG of jobs...
Using shell: /bin/bash
Provided cores: 1 (use --cores to define parallelism)
Rules claiming more threads will be scaled down.
Job stats:
job              count    min threads    max threads
-------------  -------  -------------  -------------
all                  1              1              1
fastqc_a_file        1              1              1
total                2              1              1

Select jobs to execute...

[Thu Nov  4 20:48:10 2021]
rule fastqc_a_file:
    input: data/6Hour_001_2.fq.gz
    output: data/6Hour_001_2_fastqc.html, data/6Hour_001_2_fastqc.zip
    jobid: 3
    wildcards: arglebarf=data/6Hour_001_2
    resources: tmpdir=/tmp

[Thu Nov  4 20:48:16 2021]
Finished job 3.
1 of 2 steps (50%) done
Select jobs to execute...

[Thu Nov  4 20:48:16 2021]
localrule all:
    input: data/0Hour_001_1_fastqc.html, data/6Hour_001_1_fastqc.html, data/6Hour_001_2_fastqc.html
    jobid: 0
    resources: tmpdir=/tmp

[Thu Nov  4 20:48:16 2021]
Finished job 0.
2 of 2 steps (100%) done
Complete log: /home/apirani/Session8_snakemake/.snakemake/log/2021-11-04T204809.695093.snakemake.log
