Building DAG of jobs...
Using shell: /bin/bash
Provided cores: 1 (use --cores to define parallelism)
Rules claiming more threads will be scaled down.
Job stats:
job              count    min threads    max threads
-------------  -------  -------------  -------------
all                  1              1              1
fastqc_a_file        2              1              1
run_multiqc          1              1              1
total                4              1              1

Select jobs to execute...

[Thu Nov  4 21:20:24 2021]
rule fastqc_a_file:
    input: data/6Hour_001_2.fq.gz
    output: data/6Hour_001_2_fastqc.html, data/6Hour_001_2_fastqc.zip
    jobid: 4
    wildcards: filename=data/6Hour_001_2
    resources: tmpdir=/tmp

[Thu Nov  4 21:20:30 2021]
Finished job 4.
1 of 4 steps (25%) done
Select jobs to execute...

[Thu Nov  4 21:20:30 2021]
rule fastqc_a_file:
    input: data/0Hour_001_2.fq.gz
    output: data/0Hour_001_2_fastqc.html, data/0Hour_001_2_fastqc.zip
    jobid: 3
    wildcards: filename=data/0Hour_001_2
    resources: tmpdir=/tmp

[Thu Nov  4 21:20:35 2021]
Finished job 3.
2 of 4 steps (50%) done
Select jobs to execute...

[Thu Nov  4 21:20:35 2021]
rule run_multiqc:
    input: data/0Hour_001_1_fastqc.html, data/6Hour_001_1_fastqc.html, data/0Hour_001_2_fastqc.html, data/6Hour_001_2_fastqc.html
    output: multiqc_report.html, multiqc_data
    jobid: 5
    resources: tmpdir=/tmp

[Thu Nov  4 21:20:39 2021]
Finished job 5.
3 of 4 steps (75%) done
Select jobs to execute...

[Thu Nov  4 21:20:39 2021]
localrule all:
    input: data/0Hour_001_1_fastqc.html, data/6Hour_001_1_fastqc.html, data/0Hour_001_2_fastqc.html, data/6Hour_001_2_fastqc.html, multiqc_report.html
    jobid: 0
    resources: tmpdir=/tmp

[Thu Nov  4 21:20:39 2021]
Finished job 0.
4 of 4 steps (100%) done
Complete log: /home/apirani/Session8_snakemake/.snakemake/log/2021-11-04T212023.861731.snakemake.log
