Building DAG of jobs...
Using shell: /bin/bash
Provided cores: 1 (use --cores to define parallelism)
Rules claiming more threads will be scaled down.
Job stats:
job               count    min threads    max threads
--------------  -------  -------------  -------------
fastqc_a_file2        1              1              1
total                 1              1              1

Select jobs to execute...

[Wed Nov  3 16:09:13 2021]
rule fastqc_a_file2:
    input: data/6Hour_001_1.fq.gz
    output: data/6Hour_001_1_fastqc.html, data/6Hour_001_1_fastqc.zip
    jobid: 1
    resources: tmpdir=/tmp

[Wed Nov  3 16:09:17 2021]
Finished job 1.
1 of 1 steps (100%) done
Complete log: /home/apirani/Session8_snakemake/.snakemake/log/2021-11-03T160912.942215.snakemake.log
