Building DAG of jobs...
Using shell: /bin/bash
Provided cores: 1 (use --cores to define parallelism)
Rules claiming more threads will be scaled down.
Job stats:
job               count    min threads    max threads
--------------  -------  -------------  -------------
all                   1              1              1
fastqc_a_file         1              1              1
fastqc_a_file2        1              1              1
total                 3              1              1

Select jobs to execute...

[Wed Nov  3 16:22:21 2021]
rule fastqc_a_file:
    input: data/0Hour_001_1.fq.gz
    output: data/0Hour_001_1_fastqc.html, data/0Hour_001_1_fastqc.zip
    jobid: 1
    resources: tmpdir=/tmp

[Wed Nov  3 16:22:26 2021]
Finished job 1.
1 of 3 steps (33%) done
Select jobs to execute...

[Wed Nov  3 16:22:26 2021]
rule fastqc_a_file2:
    input: data/6Hour_001_1.fq.gz
    output: data/6Hour_001_1_fastqc.html, data/6Hour_001_1_fastqc.zip
    jobid: 2
    resources: tmpdir=/tmp

[Wed Nov  3 16:22:32 2021]
Finished job 2.
2 of 3 steps (67%) done
Select jobs to execute...

[Wed Nov  3 16:22:32 2021]
localrule all:
    input: data/0Hour_001_1_fastqc.html, data/6Hour_001_1_fastqc.html
    jobid: 0
    resources: tmpdir=/tmp

[Wed Nov  3 16:22:32 2021]
Finished job 0.
3 of 3 steps (100%) done
Complete log: /home/apirani/Session8_snakemake/.snakemake/log/2021-11-03T162220.365910.snakemake.log
